<?xml version="1.0" encoding="UTF-8"?>
<!-- Generated by org.testng.reporters.JUnitXMLReporter -->
<testsuite ignored="0" hostname="LIN-114PBK3" failures="0" tests="3" name="Test" time="18.682" errors="0" timestamp="2024-03-20T01:51:31 IST">
  <testcase classname="Selenium.SubmitOrder" name="SubmitOrderTest" time="5.653"/>
  <testcase classname="Selenium.SubmitOrder" name="SignOut" time="1.313"/>
  <testcase classname="Selenium.SubmitOrder" name="OrderHistory" time="1.444"/>
</testsuite> <!-- Test -->
