<?xml version="1.0" encoding="UTF-8"?>
<!-- Generated by org.testng.reporters.JUnitXMLReporter -->
<testsuite ignored="1" hostname="LIN-114PBK3" failures="0" tests="1" name="Default test" time="2.897" errors="0" timestamp="2024-03-21T01:14:33 IST">
  <testcase classname="ExtentReports.ExtentReportDemo" name="initialDemo" time="2.501"/>
  <testcase classname="ExtentReports.ExtentReportDemo" name="TestFail" time="0.0">
    <ignored/>
  </testcase> <!-- TestFail -->
</testsuite> <!-- Default test -->
