<?xml version="1.0" encoding="UTF-8"?>
<!-- Generated by org.testng.reporters.JUnitXMLReporter -->
<testsuite ignored="0" hostname="LIN-114PBK3" failures="0" tests="3" name="Submit Order Test" time="22.321" errors="0" timestamp="2024-03-21T19:47:20 IST">
  <testcase classname="Selenium.SubmitOrder" name="SubmitOrderTest" time="6.018"/>
  <testcase classname="Selenium.SubmitOrder" name="SignOut" time="1.3"/>
  <testcase classname="Selenium.SubmitOrder" name="OrderHistory" time="1.495"/>
</testsuite> <!-- Submit Order Test -->
