<?xml version="1.0" encoding="UTF-8"?>
<!-- Generated by org.testng.reporters.JUnitXMLReporter -->
<testsuite ignored="2" hostname="LIN-114PBK3" failures="0" tests="1" name="Test" time="10.268" errors="0" timestamp="2024-03-20T01:29:26 IST">
  <testcase classname="Selenium.SubmitOrder" name="SubmitOrderTest" time="5.733"/>
  <testcase classname="Selenium.SubmitOrder" name="SignOut" time="0.0">
    <ignored/>
  </testcase> <!-- SignOut -->
  <testcase classname="Selenium.SubmitOrder" name="OrderHistory" time="0.0">
    <ignored/>
  </testcase> <!-- OrderHistory -->
</testsuite> <!-- Test -->
